<?xml version="1.0" encoding="UTF-8"?>
<robot generator="Robot 3.1.2 (Python 3.8.0 on win32)" generated="20191027 16:27:02.378" rpa="false">
<suite id="s1" name="Workshop-Day-1" source="C:\Users\sasithorn.chanthieng\eclipse-workspace\Workshop-Day-1">
<suite id="s1-s1" name="Demo Variable" source="C:\Users\sasithorn.chanthieng\eclipse-workspace\Workshop-Day-1\Demo_Variable.robot">
<test id="s1-s1-t1" name="Demo Scalar">
<kw name="[Documention}">
<arguments>
<arg>This test case for Demo Scalar</arg>
<arg>Try to set varaible</arg>
</arguments>
<msg timestamp="20191027 16:27:02.413" level="FAIL">No keyword with name '[Documention}' found.</msg>
<status status="FAIL" starttime="20191027 16:27:02.413" endtime="20191027 16:27:02.413"></status>
</kw>
<status status="FAIL" starttime="20191027 16:27:02.410" endtime="20191027 16:27:02.414" critical="yes">No keyword with name '[Documention}' found.</status>
</test>
<test id="s1-s1-t2" name="Demo List">
<kw name="Create List" library="BuiltIn">
<doc>Returns a list containing given items.</doc>
<arguments>
<arg>Iphone11</arg>
<arg>Android 12</arg>
<arg>Window phone</arg>
</arguments>
<assign>
<var>@{product names}</var>
</assign>
<msg timestamp="20191027 16:27:02.416" level="INFO">@{product names} = [ Iphone11 | Android 12 | Window phone ]</msg>
<status status="PASS" starttime="20191027 16:27:02.416" endtime="20191027 16:27:02.416"></status>
</kw>
<kw name="Log Many" library="BuiltIn">
<doc>Logs the given messages as separate entries using the INFO level.</doc>
<arguments>
<arg>@{product names}</arg>
</arguments>
<msg timestamp="20191027 16:27:02.418" level="INFO">Iphone11</msg>
<msg timestamp="20191027 16:27:02.418" level="INFO">Android 12</msg>
<msg timestamp="20191027 16:27:02.418" level="INFO">Window phone</msg>
<status status="PASS" starttime="20191027 16:27:02.418" endtime="20191027 16:27:02.418"></status>
</kw>
<kw name="Log" library="BuiltIn">
<doc>Logs the given message with the given level.</doc>
<arguments>
<arg>${product names[1]}</arg>
</arguments>
<msg timestamp="20191027 16:27:02.419" level="INFO">Android 12</msg>
<status status="PASS" starttime="20191027 16:27:02.419" endtime="20191027 16:27:02.419"></status>
</kw>
<status status="PASS" starttime="20191027 16:27:02.415" endtime="20191027 16:27:02.420" critical="yes"></status>
</test>
<test id="s1-s1-t3" name="Demo Dictionary">
<kw name="Create Dictionary" library="BuiltIn">
<doc>Creates and returns a dictionary based on the given ``items``.</doc>
<arguments>
<arg>username=john</arg>
<arg>password=welcome1</arg>
</arguments>
<assign>
<var>&amp;{user1}</var>
</assign>
<msg timestamp="20191027 16:27:02.422" level="INFO">&amp;{user1} = { username=john | password=welcome1 }</msg>
<status status="PASS" starttime="20191027 16:27:02.421" endtime="20191027 16:27:02.422"></status>
</kw>
<kw name="Create Dictionary" library="BuiltIn">
<doc>Creates and returns a dictionary based on the given ``items``.</doc>
<arguments>
<arg>username=mary</arg>
<arg>password=welcome2</arg>
</arguments>
<assign>
<var>&amp;{user2}</var>
</assign>
<msg timestamp="20191027 16:27:02.423" level="INFO">&amp;{user2} = { username=mary | password=welcome2 }</msg>
<status status="PASS" starttime="20191027 16:27:02.423" endtime="20191027 16:27:02.423"></status>
</kw>
<kw name="Log" library="BuiltIn">
<doc>Logs the given message with the given level.</doc>
<arguments>
<arg>${user1.username}</arg>
</arguments>
<msg timestamp="20191027 16:27:02.424" level="INFO">john</msg>
<status status="PASS" starttime="20191027 16:27:02.424" endtime="20191027 16:27:02.424"></status>
</kw>
<kw name="Log" library="BuiltIn">
<doc>Logs the given message with the given level.</doc>
<arguments>
<arg>${user2.password}</arg>
</arguments>
<msg timestamp="20191027 16:27:02.425" level="INFO">welcome2</msg>
<status status="PASS" starttime="20191027 16:27:02.425" endtime="20191027 16:27:02.425"></status>
</kw>
<status status="PASS" starttime="20191027 16:27:02.421" endtime="20191027 16:27:02.425" critical="yes"></status>
</test>
<test id="s1-s1-t4" name="Demo set keywors">
<kw name="Set Variable Hello, world!">
<assign>
<var>${hi} =</var>
</assign>
<msg timestamp="20191027 16:27:02.430" level="FAIL">No keyword with name 'Set Variable Hello, world!' found.</msg>
<status status="FAIL" starttime="20191027 16:27:02.429" endtime="20191027 16:27:02.430"></status>
</kw>
<status status="FAIL" starttime="20191027 16:27:02.426" endtime="20191027 16:27:02.430" critical="yes">No keyword with name 'Set Variable Hello, world!' found.</status>
</test>
<status status="FAIL" starttime="20191027 16:27:02.408" endtime="20191027 16:27:02.432"></status>
</suite>
<status status="FAIL" starttime="20191027 16:27:02.380" endtime="20191027 16:27:02.434"></status>
</suite>
<statistics>
<total>
<stat pass="2" fail="2">Critical Tests</stat>
<stat pass="2" fail="2">All Tests</stat>
</total>
<tag>
</tag>
<suite>
<stat pass="2" fail="2" id="s1" name="Workshop-Day-1">Workshop-Day-1</stat>
<stat pass="2" fail="2" id="s1-s1" name="Demo Variable">Workshop-Day-1.Demo Variable</stat>
</suite>
</statistics>
<errors>
</errors>
</robot>
